[2026-03-15T13:32:27.608+0000] {manager.py:470} INFO - Processing files using up to 2 processes at a time 
[2026-03-15T13:32:27.609+0000] {manager.py:471} INFO - Process each file at most once every 30 seconds
[2026-03-15T13:32:27.609+0000] {manager.py:472} INFO - Checking for new files in /opt/airflow/dags every 300 seconds
[2026-03-15T13:32:27.609+0000] {manager.py:737} INFO - Searching for files in /opt/airflow/dags
[2026-03-15T13:32:27.610+0000] {manager.py:740} INFO - There are 0 files in /opt/airflow/dags
[2026-03-15T13:37:28.550+0000] {manager.py:737} INFO - Searching for files in /opt/airflow/dags
[2026-03-15T13:37:28.551+0000] {manager.py:740} INFO - There are 0 files in /opt/airflow/dags
[2026-03-15T13:42:29.489+0000] {manager.py:737} INFO - Searching for files in /opt/airflow/dags
[2026-03-15T13:42:29.489+0000] {manager.py:740} INFO - There are 0 files in /opt/airflow/dags
[2026-03-15T13:47:30.417+0000] {manager.py:737} INFO - Searching for files in /opt/airflow/dags
[2026-03-15T13:47:30.418+0000] {manager.py:740} INFO - There are 0 files in /opt/airflow/dags
[2026-03-15T13:52:31.356+0000] {manager.py:737} INFO - Searching for files in /opt/airflow/dags
[2026-03-15T13:52:31.356+0000] {manager.py:740} INFO - There are 0 files in /opt/airflow/dags
[2026-03-15T13:57:32.303+0000] {manager.py:737} INFO - Searching for files in /opt/airflow/dags
[2026-03-15T13:57:32.304+0000] {manager.py:740} INFO - There are 0 files in /opt/airflow/dags
[2026-03-15T14:02:33.254+0000] {manager.py:737} INFO - Searching for files in /opt/airflow/dags
[2026-03-15T14:02:33.254+0000] {manager.py:740} INFO - There are 0 files in /opt/airflow/dags
[2026-03-15T14:07:34.201+0000] {manager.py:737} INFO - Searching for files in /opt/airflow/dags
[2026-03-15T14:07:34.202+0000] {manager.py:740} INFO - There are 0 files in /opt/airflow/dags
[2026-03-15T14:12:35.135+0000] {manager.py:737} INFO - Searching for files in /opt/airflow/dags
[2026-03-15T14:12:35.136+0000] {manager.py:740} INFO - There are 0 files in /opt/airflow/dags
[2026-03-15T14:17:36.044+0000] {manager.py:737} INFO - Searching for files in /opt/airflow/dags
[2026-03-15T14:17:36.044+0000] {manager.py:740} INFO - There are 0 files in /opt/airflow/dags
[2026-03-15T14:22:36.956+0000] {manager.py:737} INFO - Searching for files in /opt/airflow/dags
[2026-03-15T14:22:36.956+0000] {manager.py:740} INFO - There are 0 files in /opt/airflow/dags
[2026-03-15T14:27:37.912+0000] {manager.py:737} INFO - Searching for files in /opt/airflow/dags
[2026-03-15T14:27:37.912+0000] {manager.py:740} INFO - There are 0 files in /opt/airflow/dags
[2026-03-15T14:32:38.886+0000] {manager.py:737} INFO - Searching for files in /opt/airflow/dags
[2026-03-15T14:32:38.886+0000] {manager.py:740} INFO - There are 0 files in /opt/airflow/dags
[2026-03-15T14:37:39.838+0000] {manager.py:737} INFO - Searching for files in /opt/airflow/dags
[2026-03-15T14:37:39.838+0000] {manager.py:740} INFO - There are 0 files in /opt/airflow/dags
[2026-03-15T14:42:40.798+0000] {manager.py:737} INFO - Searching for files in /opt/airflow/dags
[2026-03-15T14:42:40.798+0000] {manager.py:740} INFO - There are 0 files in /opt/airflow/dags
[2026-03-15T14:47:41.762+0000] {manager.py:737} INFO - Searching for files in /opt/airflow/dags
[2026-03-15T14:47:41.763+0000] {manager.py:740} INFO - There are 0 files in /opt/airflow/dags
[2026-03-15T14:52:42.725+0000] {manager.py:737} INFO - Searching for files in /opt/airflow/dags
[2026-03-15T14:52:42.726+0000] {manager.py:740} INFO - There are 0 files in /opt/airflow/dags
[2026-03-15T14:57:43.670+0000] {manager.py:737} INFO - Searching for files in /opt/airflow/dags
[2026-03-15T14:57:43.670+0000] {manager.py:740} INFO - There are 0 files in /opt/airflow/dags
[2026-03-15T15:02:44.604+0000] {manager.py:737} INFO - Searching for files in /opt/airflow/dags
[2026-03-15T15:02:44.605+0000] {manager.py:740} INFO - There are 0 files in /opt/airflow/dags
[2026-03-15T15:07:45.554+0000] {manager.py:737} INFO - Searching for files in /opt/airflow/dags
[2026-03-15T15:07:45.555+0000] {manager.py:740} INFO - There are 0 files in /opt/airflow/dags
[2026-03-15T15:12:46.508+0000] {manager.py:737} INFO - Searching for files in /opt/airflow/dags
[2026-03-15T15:12:46.508+0000] {manager.py:740} INFO - There are 0 files in /opt/airflow/dags
[2026-03-15T15:17:47.454+0000] {manager.py:737} INFO - Searching for files in /opt/airflow/dags
[2026-03-15T15:17:47.455+0000] {manager.py:740} INFO - There are 0 files in /opt/airflow/dags
[2026-03-15T15:22:48.404+0000] {manager.py:737} INFO - Searching for files in /opt/airflow/dags
[2026-03-15T15:22:48.404+0000] {manager.py:740} INFO - There are 0 files in /opt/airflow/dags
[2026-03-15T15:27:49.356+0000] {manager.py:737} INFO - Searching for files in /opt/airflow/dags
[2026-03-15T15:27:49.356+0000] {manager.py:740} INFO - There are 0 files in /opt/airflow/dags
[2026-03-15T15:32:50.327+0000] {manager.py:737} INFO - Searching for files in /opt/airflow/dags
[2026-03-15T15:32:50.328+0000] {manager.py:740} INFO - There are 0 files in /opt/airflow/dags
[2026-03-15T15:37:51.285+0000] {manager.py:737} INFO - Searching for files in /opt/airflow/dags
[2026-03-15T15:37:51.286+0000] {manager.py:740} INFO - There are 0 files in /opt/airflow/dags
[2026-03-15T15:42:52.226+0000] {manager.py:737} INFO - Searching for files in /opt/airflow/dags
[2026-03-15T15:42:52.227+0000] {manager.py:740} INFO - There are 0 files in /opt/airflow/dags
[2026-03-15T15:47:53.173+0000] {manager.py:737} INFO - Searching for files in /opt/airflow/dags
[2026-03-15T15:47:53.174+0000] {manager.py:740} INFO - There are 0 files in /opt/airflow/dags
[2026-03-15T15:52:54.136+0000] {manager.py:737} INFO - Searching for files in /opt/airflow/dags
[2026-03-15T15:52:54.136+0000] {manager.py:740} INFO - There are 0 files in /opt/airflow/dags
[2026-03-15T15:57:55.089+0000] {manager.py:737} INFO - Searching for files in /opt/airflow/dags
[2026-03-15T15:57:55.090+0000] {manager.py:740} INFO - There are 0 files in /opt/airflow/dags
[2026-03-15T16:02:56.057+0000] {manager.py:737} INFO - Searching for files in /opt/airflow/dags
[2026-03-15T16:02:56.058+0000] {manager.py:740} INFO - There are 0 files in /opt/airflow/dags
[2026-03-15T16:07:56.998+0000] {manager.py:737} INFO - Searching for files in /opt/airflow/dags
[2026-03-15T16:07:56.999+0000] {manager.py:740} INFO - There are 0 files in /opt/airflow/dags
[2026-03-15T16:12:57.957+0000] {manager.py:737} INFO - Searching for files in /opt/airflow/dags
[2026-03-15T16:12:57.958+0000] {manager.py:740} INFO - There are 0 files in /opt/airflow/dags
[2026-03-15T16:17:58.910+0000] {manager.py:737} INFO - Searching for files in /opt/airflow/dags
[2026-03-15T16:17:58.910+0000] {manager.py:740} INFO - There are 0 files in /opt/airflow/dags
[2026-03-15T16:22:59.874+0000] {manager.py:737} INFO - Searching for files in /opt/airflow/dags
[2026-03-15T16:22:59.874+0000] {manager.py:740} INFO - There are 0 files in /opt/airflow/dags
[2026-03-15T16:28:00.822+0000] {manager.py:737} INFO - Searching for files in /opt/airflow/dags
[2026-03-15T16:28:00.822+0000] {manager.py:740} INFO - There are 0 files in /opt/airflow/dags
[2026-03-15T16:33:01.756+0000] {manager.py:737} INFO - Searching for files in /opt/airflow/dags
[2026-03-15T16:33:01.757+0000] {manager.py:740} INFO - There are 0 files in /opt/airflow/dags
[2026-03-15T16:38:02.714+0000] {manager.py:737} INFO - Searching for files in /opt/airflow/dags
[2026-03-15T16:38:02.714+0000] {manager.py:740} INFO - There are 0 files in /opt/airflow/dags
[2026-03-15T16:43:03.675+0000] {manager.py:737} INFO - Searching for files in /opt/airflow/dags
[2026-03-15T16:43:03.676+0000] {manager.py:740} INFO - There are 0 files in /opt/airflow/dags
[2026-03-15T16:48:04.630+0000] {manager.py:737} INFO - Searching for files in /opt/airflow/dags
[2026-03-15T16:48:04.630+0000] {manager.py:740} INFO - There are 0 files in /opt/airflow/dags
[2026-03-15T16:53:05.593+0000] {manager.py:737} INFO - Searching for files in /opt/airflow/dags
[2026-03-15T16:53:05.593+0000] {manager.py:740} INFO - There are 0 files in /opt/airflow/dags
[2026-03-15T16:58:06.572+0000] {manager.py:737} INFO - Searching for files in /opt/airflow/dags
[2026-03-15T16:58:06.573+0000] {manager.py:740} INFO - There are 0 files in /opt/airflow/dags
[2026-03-15T17:03:07.532+0000] {manager.py:737} INFO - Searching for files in /opt/airflow/dags
[2026-03-15T17:03:07.533+0000] {manager.py:740} INFO - There are 0 files in /opt/airflow/dags
[2026-03-15T17:08:08.494+0000] {manager.py:737} INFO - Searching for files in /opt/airflow/dags
[2026-03-15T17:08:08.495+0000] {manager.py:740} INFO - There are 0 files in /opt/airflow/dags
[2026-03-15T17:13:09.442+0000] {manager.py:737} INFO - Searching for files in /opt/airflow/dags
[2026-03-15T17:13:09.443+0000] {manager.py:740} INFO - There are 0 files in /opt/airflow/dags
[2026-03-15T17:18:10.382+0000] {manager.py:737} INFO - Searching for files in /opt/airflow/dags
[2026-03-15T17:18:10.382+0000] {manager.py:740} INFO - There are 0 files in /opt/airflow/dags
[2026-03-15T17:23:11.324+0000] {manager.py:737} INFO - Searching for files in /opt/airflow/dags
[2026-03-15T17:23:11.324+0000] {manager.py:740} INFO - There are 0 files in /opt/airflow/dags
[2026-03-15T17:28:12.280+0000] {manager.py:737} INFO - Searching for files in /opt/airflow/dags
[2026-03-15T17:28:12.280+0000] {manager.py:740} INFO - There are 0 files in /opt/airflow/dags
[2026-03-15T17:33:13.244+0000] {manager.py:737} INFO - Searching for files in /opt/airflow/dags
[2026-03-15T17:33:13.244+0000] {manager.py:740} INFO - There are 0 files in /opt/airflow/dags
[2026-03-15T17:38:14.195+0000] {manager.py:737} INFO - Searching for files in /opt/airflow/dags
[2026-03-15T17:38:14.195+0000] {manager.py:740} INFO - There are 0 files in /opt/airflow/dags
[2026-03-15T17:43:15.159+0000] {manager.py:737} INFO - Searching for files in /opt/airflow/dags
[2026-03-15T17:43:15.160+0000] {manager.py:740} INFO - There are 0 files in /opt/airflow/dags
[2026-03-15T17:48:16.105+0000] {manager.py:737} INFO - Searching for files in /opt/airflow/dags
[2026-03-15T17:48:16.105+0000] {manager.py:740} INFO - There are 0 files in /opt/airflow/dags
[2026-03-15T17:53:17.066+0000] {manager.py:737} INFO - Searching for files in /opt/airflow/dags
[2026-03-15T17:53:17.067+0000] {manager.py:740} INFO - There are 0 files in /opt/airflow/dags
[2026-03-15T17:58:18.016+0000] {manager.py:737} INFO - Searching for files in /opt/airflow/dags
[2026-03-15T17:58:18.016+0000] {manager.py:740} INFO - There are 0 files in /opt/airflow/dags
[2026-03-15T18:03:18.972+0000] {manager.py:737} INFO - Searching for files in /opt/airflow/dags
[2026-03-15T18:03:18.972+0000] {manager.py:740} INFO - There are 0 files in /opt/airflow/dags
[2026-03-15T18:08:19.926+0000] {manager.py:737} INFO - Searching for files in /opt/airflow/dags
[2026-03-15T18:08:19.927+0000] {manager.py:740} INFO - There are 0 files in /opt/airflow/dags
[2026-03-15T18:13:20.885+0000] {manager.py:737} INFO - Searching for files in /opt/airflow/dags
[2026-03-15T18:13:20.886+0000] {manager.py:740} INFO - There are 0 files in /opt/airflow/dags
[2026-03-15T18:18:21.851+0000] {manager.py:737} INFO - Searching for files in /opt/airflow/dags
[2026-03-15T18:18:21.852+0000] {manager.py:740} INFO - There are 0 files in /opt/airflow/dags
[2026-03-15T18:23:22.813+0000] {manager.py:737} INFO - Searching for files in /opt/airflow/dags
[2026-03-15T18:23:22.813+0000] {manager.py:740} INFO - There are 0 files in /opt/airflow/dags
[2026-03-15T18:28:23.775+0000] {manager.py:737} INFO - Searching for files in /opt/airflow/dags
[2026-03-15T18:28:23.776+0000] {manager.py:740} INFO - There are 0 files in /opt/airflow/dags
[2026-03-15T18:33:24.715+0000] {manager.py:737} INFO - Searching for files in /opt/airflow/dags
[2026-03-15T18:33:24.715+0000] {manager.py:740} INFO - There are 0 files in /opt/airflow/dags
[2026-03-15T18:38:25.651+0000] {manager.py:737} INFO - Searching for files in /opt/airflow/dags
[2026-03-15T18:38:25.652+0000] {manager.py:740} INFO - There are 0 files in /opt/airflow/dags
[2026-03-15T18:43:26.583+0000] {manager.py:737} INFO - Searching for files in /opt/airflow/dags
[2026-03-15T18:43:26.584+0000] {manager.py:740} INFO - There are 0 files in /opt/airflow/dags
[2026-03-15T18:48:27.523+0000] {manager.py:737} INFO - Searching for files in /opt/airflow/dags
[2026-03-15T18:48:27.524+0000] {manager.py:740} INFO - There are 0 files in /opt/airflow/dags
[2026-03-15T18:53:28.481+0000] {manager.py:737} INFO - Searching for files in /opt/airflow/dags
[2026-03-15T18:53:28.481+0000] {manager.py:740} INFO - There are 0 files in /opt/airflow/dags
[2026-03-15T18:58:29.435+0000] {manager.py:737} INFO - Searching for files in /opt/airflow/dags
[2026-03-15T18:58:29.436+0000] {manager.py:740} INFO - There are 0 files in /opt/airflow/dags
[2026-03-15T19:03:30.407+0000] {manager.py:737} INFO - Searching for files in /opt/airflow/dags
[2026-03-15T19:03:30.407+0000] {manager.py:740} INFO - There are 0 files in /opt/airflow/dags
[2026-03-15T19:08:31.354+0000] {manager.py:737} INFO - Searching for files in /opt/airflow/dags
[2026-03-15T19:08:31.355+0000] {manager.py:740} INFO - There are 0 files in /opt/airflow/dags
[2026-03-15T19:13:32.311+0000] {manager.py:737} INFO - Searching for files in /opt/airflow/dags
[2026-03-15T19:13:32.311+0000] {manager.py:740} INFO - There are 0 files in /opt/airflow/dags
[2026-03-15T19:18:33.255+0000] {manager.py:737} INFO - Searching for files in /opt/airflow/dags
[2026-03-15T19:18:33.255+0000] {manager.py:740} INFO - There are 0 files in /opt/airflow/dags
[2026-03-15T19:23:34.199+0000] {manager.py:737} INFO - Searching for files in /opt/airflow/dags
[2026-03-15T19:23:34.199+0000] {manager.py:740} INFO - There are 0 files in /opt/airflow/dags
[2026-03-15T19:28:35.155+0000] {manager.py:737} INFO - Searching for files in /opt/airflow/dags
[2026-03-15T19:28:35.155+0000] {manager.py:740} INFO - There are 0 files in /opt/airflow/dags
[2026-03-15T19:33:36.109+0000] {manager.py:737} INFO - Searching for files in /opt/airflow/dags
[2026-03-15T19:33:36.109+0000] {manager.py:740} INFO - There are 0 files in /opt/airflow/dags
[2026-03-15T19:38:37.069+0000] {manager.py:737} INFO - Searching for files in /opt/airflow/dags
[2026-03-15T19:38:37.070+0000] {manager.py:740} INFO - There are 0 files in /opt/airflow/dags
[2026-03-15T19:43:38.033+0000] {manager.py:737} INFO - Searching for files in /opt/airflow/dags
[2026-03-15T19:43:38.034+0000] {manager.py:740} INFO - There are 0 files in /opt/airflow/dags
[2026-03-15T19:48:38.983+0000] {manager.py:737} INFO - Searching for files in /opt/airflow/dags
[2026-03-15T19:48:38.983+0000] {manager.py:740} INFO - There are 0 files in /opt/airflow/dags
[2026-03-15T19:53:39.943+0000] {manager.py:737} INFO - Searching for files in /opt/airflow/dags
[2026-03-15T19:53:39.943+0000] {manager.py:740} INFO - There are 0 files in /opt/airflow/dags
[2026-03-15T19:58:40.905+0000] {manager.py:737} INFO - Searching for files in /opt/airflow/dags
[2026-03-15T19:58:40.906+0000] {manager.py:740} INFO - There are 0 files in /opt/airflow/dags
[2026-03-15T20:03:41.849+0000] {manager.py:737} INFO - Searching for files in /opt/airflow/dags
[2026-03-15T20:03:41.850+0000] {manager.py:740} INFO - There are 0 files in /opt/airflow/dags
[2026-03-15T20:08:42.801+0000] {manager.py:737} INFO - Searching for files in /opt/airflow/dags
[2026-03-15T20:08:42.801+0000] {manager.py:740} INFO - There are 0 files in /opt/airflow/dags
[2026-03-15T20:13:43.766+0000] {manager.py:737} INFO - Searching for files in /opt/airflow/dags
[2026-03-15T20:13:43.767+0000] {manager.py:740} INFO - There are 0 files in /opt/airflow/dags
[2026-03-15T20:18:44.723+0000] {manager.py:737} INFO - Searching for files in /opt/airflow/dags
[2026-03-15T20:18:44.723+0000] {manager.py:740} INFO - There are 0 files in /opt/airflow/dags
[2026-03-15T20:23:45.692+0000] {manager.py:737} INFO - Searching for files in /opt/airflow/dags
[2026-03-15T20:23:45.692+0000] {manager.py:740} INFO - There are 0 files in /opt/airflow/dags
[2026-03-15T20:28:46.651+0000] {manager.py:737} INFO - Searching for files in /opt/airflow/dags
[2026-03-15T20:28:46.652+0000] {manager.py:740} INFO - There are 0 files in /opt/airflow/dags
[2026-03-15T20:33:46.675+0000] {manager.py:737} INFO - Searching for files in /opt/airflow/dags
[2026-03-15T20:33:46.675+0000] {manager.py:740} INFO - There are 0 files in /opt/airflow/dags
[2026-03-15T20:38:47.539+0000] {manager.py:737} INFO - Searching for files in /opt/airflow/dags
[2026-03-15T20:38:47.540+0000] {manager.py:740} INFO - There are 0 files in /opt/airflow/dags
[2026-03-15T20:43:48.498+0000] {manager.py:737} INFO - Searching for files in /opt/airflow/dags
[2026-03-15T20:43:48.498+0000] {manager.py:740} INFO - There are 0 files in /opt/airflow/dags
[2026-03-15T20:48:49.445+0000] {manager.py:737} INFO - Searching for files in /opt/airflow/dags
[2026-03-15T20:48:49.446+0000] {manager.py:740} INFO - There are 0 files in /opt/airflow/dags
[2026-03-15T20:53:50.410+0000] {manager.py:737} INFO - Searching for files in /opt/airflow/dags
[2026-03-15T20:53:50.411+0000] {manager.py:740} INFO - There are 0 files in /opt/airflow/dags
[2026-03-15T20:58:51.362+0000] {manager.py:737} INFO - Searching for files in /opt/airflow/dags
[2026-03-15T20:58:51.363+0000] {manager.py:740} INFO - There are 0 files in /opt/airflow/dags
[2026-03-15T21:03:52.318+0000] {manager.py:737} INFO - Searching for files in /opt/airflow/dags
[2026-03-15T21:03:52.318+0000] {manager.py:740} INFO - There are 0 files in /opt/airflow/dags
[2026-03-15T21:08:53.292+0000] {manager.py:737} INFO - Searching for files in /opt/airflow/dags
[2026-03-15T21:08:53.293+0000] {manager.py:740} INFO - There are 0 files in /opt/airflow/dags
[2026-03-15T21:13:54.257+0000] {manager.py:737} INFO - Searching for files in /opt/airflow/dags
[2026-03-15T21:13:54.257+0000] {manager.py:740} INFO - There are 0 files in /opt/airflow/dags
[2026-03-15T21:18:55.232+0000] {manager.py:737} INFO - Searching for files in /opt/airflow/dags
[2026-03-15T21:18:55.233+0000] {manager.py:740} INFO - There are 0 files in /opt/airflow/dags
[2026-03-15T21:23:56.183+0000] {manager.py:737} INFO - Searching for files in /opt/airflow/dags
[2026-03-15T21:23:56.184+0000] {manager.py:740} INFO - There are 0 files in /opt/airflow/dags
[2026-03-15T21:28:57.121+0000] {manager.py:737} INFO - Searching for files in /opt/airflow/dags
[2026-03-15T21:28:57.122+0000] {manager.py:740} INFO - There are 0 files in /opt/airflow/dags
[2026-03-15T21:33:58.073+0000] {manager.py:737} INFO - Searching for files in /opt/airflow/dags
[2026-03-15T21:33:58.074+0000] {manager.py:740} INFO - There are 0 files in /opt/airflow/dags
[2026-03-15T21:38:59.030+0000] {manager.py:737} INFO - Searching for files in /opt/airflow/dags
[2026-03-15T21:38:59.031+0000] {manager.py:740} INFO - There are 0 files in /opt/airflow/dags
[2026-03-15T21:43:59.984+0000] {manager.py:737} INFO - Searching for files in /opt/airflow/dags
[2026-03-15T21:43:59.985+0000] {manager.py:740} INFO - There are 0 files in /opt/airflow/dags
[2026-03-15T21:49:00.943+0000] {manager.py:737} INFO - Searching for files in /opt/airflow/dags
[2026-03-15T21:49:00.943+0000] {manager.py:740} INFO - There are 0 files in /opt/airflow/dags
[2026-03-15T21:54:01.905+0000] {manager.py:737} INFO - Searching for files in /opt/airflow/dags
[2026-03-15T21:54:01.906+0000] {manager.py:740} INFO - There are 0 files in /opt/airflow/dags
[2026-03-15T21:59:02.860+0000] {manager.py:737} INFO - Searching for files in /opt/airflow/dags
[2026-03-15T21:59:02.861+0000] {manager.py:740} INFO - There are 0 files in /opt/airflow/dags
[2026-03-15T22:04:03.830+0000] {manager.py:737} INFO - Searching for files in /opt/airflow/dags
[2026-03-15T22:04:03.830+0000] {manager.py:740} INFO - There are 0 files in /opt/airflow/dags
[2026-03-15T22:09:04.785+0000] {manager.py:737} INFO - Searching for files in /opt/airflow/dags
[2026-03-15T22:09:04.786+0000] {manager.py:740} INFO - There are 0 files in /opt/airflow/dags
[2026-03-15T22:14:05.739+0000] {manager.py:737} INFO - Searching for files in /opt/airflow/dags
[2026-03-15T22:14:05.740+0000] {manager.py:740} INFO - There are 0 files in /opt/airflow/dags
[2026-03-15T22:19:06.700+0000] {manager.py:737} INFO - Searching for files in /opt/airflow/dags
[2026-03-15T22:19:06.700+0000] {manager.py:740} INFO - There are 0 files in /opt/airflow/dags
[2026-03-15T22:24:07.662+0000] {manager.py:737} INFO - Searching for files in /opt/airflow/dags
[2026-03-15T22:24:07.663+0000] {manager.py:740} INFO - There are 0 files in /opt/airflow/dags
[2026-03-15T22:29:08.627+0000] {manager.py:737} INFO - Searching for files in /opt/airflow/dags
[2026-03-15T22:29:08.628+0000] {manager.py:740} INFO - There are 0 files in /opt/airflow/dags
[2026-03-15T22:34:09.600+0000] {manager.py:737} INFO - Searching for files in /opt/airflow/dags
[2026-03-15T22:34:09.600+0000] {manager.py:740} INFO - There are 0 files in /opt/airflow/dags
[2026-03-15T22:39:10.526+0000] {manager.py:737} INFO - Searching for files in /opt/airflow/dags
[2026-03-15T22:39:10.527+0000] {manager.py:740} INFO - There are 0 files in /opt/airflow/dags
[2026-03-15T22:44:11.462+0000] {manager.py:737} INFO - Searching for files in /opt/airflow/dags
[2026-03-15T22:44:11.463+0000] {manager.py:740} INFO - There are 0 files in /opt/airflow/dags
[2026-03-15T22:49:12.409+0000] {manager.py:737} INFO - Searching for files in /opt/airflow/dags
[2026-03-15T22:49:12.410+0000] {manager.py:740} INFO - There are 0 files in /opt/airflow/dags
[2026-03-15T22:54:13.360+0000] {manager.py:737} INFO - Searching for files in /opt/airflow/dags
[2026-03-15T22:54:13.361+0000] {manager.py:740} INFO - There are 0 files in /opt/airflow/dags
[2026-03-15T22:59:14.316+0000] {manager.py:737} INFO - Searching for files in /opt/airflow/dags
[2026-03-15T22:59:14.317+0000] {manager.py:740} INFO - There are 0 files in /opt/airflow/dags
[2026-03-15T23:04:15.284+0000] {manager.py:737} INFO - Searching for files in /opt/airflow/dags
[2026-03-15T23:04:15.285+0000] {manager.py:740} INFO - There are 0 files in /opt/airflow/dags
[2026-03-15T23:09:16.234+0000] {manager.py:737} INFO - Searching for files in /opt/airflow/dags
[2026-03-15T23:09:16.235+0000] {manager.py:740} INFO - There are 0 files in /opt/airflow/dags
[2026-03-15T23:14:17.212+0000] {manager.py:737} INFO - Searching for files in /opt/airflow/dags
[2026-03-15T23:14:17.213+0000] {manager.py:740} INFO - There are 0 files in /opt/airflow/dags
[2026-03-15T23:19:18.161+0000] {manager.py:737} INFO - Searching for files in /opt/airflow/dags
[2026-03-15T23:19:18.161+0000] {manager.py:740} INFO - There are 0 files in /opt/airflow/dags
[2026-03-15T23:24:19.106+0000] {manager.py:737} INFO - Searching for files in /opt/airflow/dags
[2026-03-15T23:24:19.107+0000] {manager.py:740} INFO - There are 0 files in /opt/airflow/dags
[2026-03-15T23:29:20.057+0000] {manager.py:737} INFO - Searching for files in /opt/airflow/dags
[2026-03-15T23:29:20.058+0000] {manager.py:740} INFO - There are 0 files in /opt/airflow/dags
[2026-03-15T23:34:21.026+0000] {manager.py:737} INFO - Searching for files in /opt/airflow/dags
[2026-03-15T23:34:21.027+0000] {manager.py:740} INFO - There are 0 files in /opt/airflow/dags
[2026-03-15T23:39:21.995+0000] {manager.py:737} INFO - Searching for files in /opt/airflow/dags
[2026-03-15T23:39:21.995+0000] {manager.py:740} INFO - There are 0 files in /opt/airflow/dags
[2026-03-15T23:44:22.951+0000] {manager.py:737} INFO - Searching for files in /opt/airflow/dags
[2026-03-15T23:44:22.951+0000] {manager.py:740} INFO - There are 0 files in /opt/airflow/dags
[2026-03-15T23:49:23.913+0000] {manager.py:737} INFO - Searching for files in /opt/airflow/dags
[2026-03-15T23:49:23.914+0000] {manager.py:740} INFO - There are 0 files in /opt/airflow/dags
[2026-03-15T23:54:24.873+0000] {manager.py:737} INFO - Searching for files in /opt/airflow/dags
[2026-03-15T23:54:24.874+0000] {manager.py:740} INFO - There are 0 files in /opt/airflow/dags
[2026-03-15T23:59:25.814+0000] {manager.py:737} INFO - Searching for files in /opt/airflow/dags
[2026-03-15T23:59:25.814+0000] {manager.py:740} INFO - There are 0 files in /opt/airflow/dags
[2026-03-16T00:04:26.768+0000] {manager.py:737} INFO - Searching for files in /opt/airflow/dags
[2026-03-16T00:04:26.768+0000] {manager.py:740} INFO - There are 0 files in /opt/airflow/dags
[2026-03-16T00:09:27.727+0000] {manager.py:737} INFO - Searching for files in /opt/airflow/dags
[2026-03-16T00:09:27.727+0000] {manager.py:740} INFO - There are 0 files in /opt/airflow/dags
[2026-03-16T00:14:28.686+0000] {manager.py:737} INFO - Searching for files in /opt/airflow/dags
[2026-03-16T00:14:28.687+0000] {manager.py:740} INFO - There are 0 files in /opt/airflow/dags
[2026-03-16T00:19:29.649+0000] {manager.py:737} INFO - Searching for files in /opt/airflow/dags
[2026-03-16T00:19:29.650+0000] {manager.py:740} INFO - There are 0 files in /opt/airflow/dags
[2026-03-16T00:24:30.625+0000] {manager.py:737} INFO - Searching for files in /opt/airflow/dags
[2026-03-16T00:24:30.625+0000] {manager.py:740} INFO - There are 0 files in /opt/airflow/dags
[2026-03-16T00:29:31.574+0000] {manager.py:737} INFO - Searching for files in /opt/airflow/dags
[2026-03-16T00:29:31.575+0000] {manager.py:740} INFO - There are 0 files in /opt/airflow/dags
[2026-03-16T00:34:32.513+0000] {manager.py:737} INFO - Searching for files in /opt/airflow/dags
[2026-03-16T00:34:32.514+0000] {manager.py:740} INFO - There are 0 files in /opt/airflow/dags
[2026-03-16T00:39:33.463+0000] {manager.py:737} INFO - Searching for files in /opt/airflow/dags
[2026-03-16T00:39:33.463+0000] {manager.py:740} INFO - There are 0 files in /opt/airflow/dags
[2026-03-16T00:44:34.421+0000] {manager.py:737} INFO - Searching for files in /opt/airflow/dags
[2026-03-16T00:44:34.421+0000] {manager.py:740} INFO - There are 0 files in /opt/airflow/dags
[2026-03-16T00:49:35.384+0000] {manager.py:737} INFO - Searching for files in /opt/airflow/dags
[2026-03-16T00:49:35.385+0000] {manager.py:740} INFO - There are 0 files in /opt/airflow/dags
[2026-03-16T00:54:36.358+0000] {manager.py:737} INFO - Searching for files in /opt/airflow/dags
[2026-03-16T00:54:36.358+0000] {manager.py:740} INFO - There are 0 files in /opt/airflow/dags
[2026-03-16T00:59:37.336+0000] {manager.py:737} INFO - Searching for files in /opt/airflow/dags
[2026-03-16T00:59:37.336+0000] {manager.py:740} INFO - There are 0 files in /opt/airflow/dags
[2026-03-16T01:04:38.283+0000] {manager.py:737} INFO - Searching for files in /opt/airflow/dags
[2026-03-16T01:04:38.283+0000] {manager.py:740} INFO - There are 0 files in /opt/airflow/dags
[2026-03-16T01:09:39.235+0000] {manager.py:737} INFO - Searching for files in /opt/airflow/dags
[2026-03-16T01:09:39.236+0000] {manager.py:740} INFO - There are 0 files in /opt/airflow/dags
[2026-03-16T01:14:40.201+0000] {manager.py:737} INFO - Searching for files in /opt/airflow/dags
[2026-03-16T01:14:40.202+0000] {manager.py:740} INFO - There are 0 files in /opt/airflow/dags
[2026-03-16T01:19:41.160+0000] {manager.py:737} INFO - Searching for files in /opt/airflow/dags
[2026-03-16T01:19:41.161+0000] {manager.py:740} INFO - There are 0 files in /opt/airflow/dags
[2026-03-16T01:24:42.128+0000] {manager.py:737} INFO - Searching for files in /opt/airflow/dags
[2026-03-16T01:24:42.128+0000] {manager.py:740} INFO - There are 0 files in /opt/airflow/dags
[2026-03-16T01:29:43.078+0000] {manager.py:737} INFO - Searching for files in /opt/airflow/dags
[2026-03-16T01:29:43.079+0000] {manager.py:740} INFO - There are 0 files in /opt/airflow/dags
[2026-03-16T01:34:44.042+0000] {manager.py:737} INFO - Searching for files in /opt/airflow/dags
[2026-03-16T01:34:44.042+0000] {manager.py:740} INFO - There are 0 files in /opt/airflow/dags
[2026-03-16T01:39:44.988+0000] {manager.py:737} INFO - Searching for files in /opt/airflow/dags
[2026-03-16T01:39:44.988+0000] {manager.py:740} INFO - There are 0 files in /opt/airflow/dags
[2026-03-16T01:44:45.947+0000] {manager.py:737} INFO - Searching for files in /opt/airflow/dags
[2026-03-16T01:44:45.948+0000] {manager.py:740} INFO - There are 0 files in /opt/airflow/dags
[2026-03-16T01:49:46.902+0000] {manager.py:737} INFO - Searching for files in /opt/airflow/dags
[2026-03-16T01:49:46.902+0000] {manager.py:740} INFO - There are 0 files in /opt/airflow/dags
[2026-03-16T01:54:47.876+0000] {manager.py:737} INFO - Searching for files in /opt/airflow/dags
[2026-03-16T01:54:47.877+0000] {manager.py:740} INFO - There are 0 files in /opt/airflow/dags
[2026-03-16T01:59:48.841+0000] {manager.py:737} INFO - Searching for files in /opt/airflow/dags
[2026-03-16T01:59:48.841+0000] {manager.py:740} INFO - There are 0 files in /opt/airflow/dags
[2026-03-16T02:04:49.810+0000] {manager.py:737} INFO - Searching for files in /opt/airflow/dags
[2026-03-16T02:04:49.810+0000] {manager.py:740} INFO - There are 0 files in /opt/airflow/dags
[2026-03-16T02:09:50.770+0000] {manager.py:737} INFO - Searching for files in /opt/airflow/dags
[2026-03-16T02:09:50.770+0000] {manager.py:740} INFO - There are 0 files in /opt/airflow/dags
[2026-03-16T02:14:51.734+0000] {manager.py:737} INFO - Searching for files in /opt/airflow/dags
[2026-03-16T02:14:51.735+0000] {manager.py:740} INFO - There are 0 files in /opt/airflow/dags
[2026-03-16T02:19:52.698+0000] {manager.py:737} INFO - Searching for files in /opt/airflow/dags
[2026-03-16T02:19:52.698+0000] {manager.py:740} INFO - There are 0 files in /opt/airflow/dags
[2026-03-16T02:24:53.646+0000] {manager.py:737} INFO - Searching for files in /opt/airflow/dags
[2026-03-16T02:24:53.647+0000] {manager.py:740} INFO - There are 0 files in /opt/airflow/dags
[2026-03-16T02:29:54.596+0000] {manager.py:737} INFO - Searching for files in /opt/airflow/dags
[2026-03-16T02:29:54.597+0000] {manager.py:740} INFO - There are 0 files in /opt/airflow/dags
[2026-03-16T02:34:55.559+0000] {manager.py:737} INFO - Searching for files in /opt/airflow/dags
[2026-03-16T02:34:55.559+0000] {manager.py:740} INFO - There are 0 files in /opt/airflow/dags
[2026-03-16T02:39:56.524+0000] {manager.py:737} INFO - Searching for files in /opt/airflow/dags
[2026-03-16T02:39:56.524+0000] {manager.py:740} INFO - There are 0 files in /opt/airflow/dags
[2026-03-16T02:44:57.496+0000] {manager.py:737} INFO - Searching for files in /opt/airflow/dags
[2026-03-16T02:44:57.496+0000] {manager.py:740} INFO - There are 0 files in /opt/airflow/dags
[2026-03-16T02:49:58.460+0000] {manager.py:737} INFO - Searching for files in /opt/airflow/dags
[2026-03-16T02:49:58.460+0000] {manager.py:740} INFO - There are 0 files in /opt/airflow/dags
[2026-03-16T02:54:59.433+0000] {manager.py:737} INFO - Searching for files in /opt/airflow/dags
[2026-03-16T02:54:59.434+0000] {manager.py:740} INFO - There are 0 files in /opt/airflow/dags
[2026-03-16T03:00:00.394+0000] {manager.py:737} INFO - Searching for files in /opt/airflow/dags
[2026-03-16T03:00:00.395+0000] {manager.py:740} INFO - There are 0 files in /opt/airflow/dags
[2026-03-16T03:05:01.354+0000] {manager.py:737} INFO - Searching for files in /opt/airflow/dags
[2026-03-16T03:05:01.354+0000] {manager.py:740} INFO - There are 0 files in /opt/airflow/dags
[2026-03-16T03:10:02.300+0000] {manager.py:737} INFO - Searching for files in /opt/airflow/dags
[2026-03-16T03:10:02.301+0000] {manager.py:740} INFO - There are 0 files in /opt/airflow/dags
[2026-03-16T03:15:03.260+0000] {manager.py:737} INFO - Searching for files in /opt/airflow/dags
[2026-03-16T03:15:03.260+0000] {manager.py:740} INFO - There are 0 files in /opt/airflow/dags
[2026-03-16T03:20:04.216+0000] {manager.py:737} INFO - Searching for files in /opt/airflow/dags
[2026-03-16T03:20:04.216+0000] {manager.py:740} INFO - There are 0 files in /opt/airflow/dags
[2026-03-16T03:25:05.185+0000] {manager.py:737} INFO - Searching for files in /opt/airflow/dags
[2026-03-16T03:25:05.185+0000] {manager.py:740} INFO - There are 0 files in /opt/airflow/dags
[2026-03-16T03:30:06.128+0000] {manager.py:737} INFO - Searching for files in /opt/airflow/dags
[2026-03-16T03:30:06.128+0000] {manager.py:740} INFO - There are 0 files in /opt/airflow/dags
[2026-03-16T03:35:07.103+0000] {manager.py:737} INFO - Searching for files in /opt/airflow/dags
[2026-03-16T03:35:07.104+0000] {manager.py:740} INFO - There are 0 files in /opt/airflow/dags
[2026-03-16T03:40:08.064+0000] {manager.py:737} INFO - Searching for files in /opt/airflow/dags
[2026-03-16T03:40:08.064+0000] {manager.py:740} INFO - There are 0 files in /opt/airflow/dags
[2026-03-16T03:45:09.045+0000] {manager.py:737} INFO - Searching for files in /opt/airflow/dags
[2026-03-16T03:45:09.046+0000] {manager.py:740} INFO - There are 0 files in /opt/airflow/dags
[2026-03-16T03:50:09.999+0000] {manager.py:737} INFO - Searching for files in /opt/airflow/dags
[2026-03-16T03:50:10.000+0000] {manager.py:740} INFO - There are 0 files in /opt/airflow/dags
[2026-03-16T03:55:10.946+0000] {manager.py:737} INFO - Searching for files in /opt/airflow/dags
[2026-03-16T03:55:10.947+0000] {manager.py:740} INFO - There are 0 files in /opt/airflow/dags
[2026-03-16T04:00:11.899+0000] {manager.py:737} INFO - Searching for files in /opt/airflow/dags
[2026-03-16T04:00:11.900+0000] {manager.py:740} INFO - There are 0 files in /opt/airflow/dags
[2026-03-16T04:05:12.857+0000] {manager.py:737} INFO - Searching for files in /opt/airflow/dags
[2026-03-16T04:05:12.858+0000] {manager.py:740} INFO - There are 0 files in /opt/airflow/dags
[2026-03-16T04:10:13.804+0000] {manager.py:737} INFO - Searching for files in /opt/airflow/dags
[2026-03-16T04:10:13.804+0000] {manager.py:740} INFO - There are 0 files in /opt/airflow/dags
[2026-03-16T04:15:14.771+0000] {manager.py:737} INFO - Searching for files in /opt/airflow/dags
[2026-03-16T04:15:14.771+0000] {manager.py:740} INFO - There are 0 files in /opt/airflow/dags
[2026-03-16T04:20:15.736+0000] {manager.py:737} INFO - Searching for files in /opt/airflow/dags
[2026-03-16T04:20:15.736+0000] {manager.py:740} INFO - There are 0 files in /opt/airflow/dags
[2026-03-16T04:25:16.698+0000] {manager.py:737} INFO - Searching for files in /opt/airflow/dags
[2026-03-16T04:25:16.699+0000] {manager.py:740} INFO - There are 0 files in /opt/airflow/dags
[2026-03-16T04:30:17.666+0000] {manager.py:737} INFO - Searching for files in /opt/airflow/dags
[2026-03-16T04:30:17.666+0000] {manager.py:740} INFO - There are 0 files in /opt/airflow/dags
[2026-03-16T04:35:18.627+0000] {manager.py:737} INFO - Searching for files in /opt/airflow/dags
[2026-03-16T04:35:18.628+0000] {manager.py:740} INFO - There are 0 files in /opt/airflow/dags
[2026-03-16T04:40:19.563+0000] {manager.py:737} INFO - Searching for files in /opt/airflow/dags
[2026-03-16T04:40:19.563+0000] {manager.py:740} INFO - There are 0 files in /opt/airflow/dags
[2026-03-16T04:45:20.527+0000] {manager.py:737} INFO - Searching for files in /opt/airflow/dags
[2026-03-16T04:45:20.527+0000] {manager.py:740} INFO - There are 0 files in /opt/airflow/dags
[2026-03-16T04:50:21.486+0000] {manager.py:737} INFO - Searching for files in /opt/airflow/dags
[2026-03-16T04:50:21.487+0000] {manager.py:740} INFO - There are 0 files in /opt/airflow/dags
[2026-03-16T04:55:22.454+0000] {manager.py:737} INFO - Searching for files in /opt/airflow/dags
[2026-03-16T04:55:22.454+0000] {manager.py:740} INFO - There are 0 files in /opt/airflow/dags
[2026-03-16T05:00:23.410+0000] {manager.py:737} INFO - Searching for files in /opt/airflow/dags
[2026-03-16T05:00:23.411+0000] {manager.py:740} INFO - There are 0 files in /opt/airflow/dags
[2026-03-16T05:05:24.380+0000] {manager.py:737} INFO - Searching for files in /opt/airflow/dags
[2026-03-16T05:05:24.380+0000] {manager.py:740} INFO - There are 0 files in /opt/airflow/dags
[2026-03-16T05:10:25.351+0000] {manager.py:737} INFO - Searching for files in /opt/airflow/dags
[2026-03-16T05:10:25.352+0000] {manager.py:740} INFO - There are 0 files in /opt/airflow/dags
[2026-03-16T05:15:26.321+0000] {manager.py:737} INFO - Searching for files in /opt/airflow/dags
[2026-03-16T05:15:26.321+0000] {manager.py:740} INFO - There are 0 files in /opt/airflow/dags
[2026-03-16T05:20:27.271+0000] {manager.py:737} INFO - Searching for files in /opt/airflow/dags
[2026-03-16T05:20:27.272+0000] {manager.py:740} INFO - There are 0 files in /opt/airflow/dags
[2026-03-16T05:25:28.222+0000] {manager.py:737} INFO - Searching for files in /opt/airflow/dags
[2026-03-16T05:25:28.222+0000] {manager.py:740} INFO - There are 0 files in /opt/airflow/dags
[2026-03-16T05:30:29.181+0000] {manager.py:737} INFO - Searching for files in /opt/airflow/dags
[2026-03-16T05:30:29.182+0000] {manager.py:740} INFO - There are 0 files in /opt/airflow/dags
[2026-03-16T05:35:30.157+0000] {manager.py:737} INFO - Searching for files in /opt/airflow/dags
[2026-03-16T05:35:30.158+0000] {manager.py:740} INFO - There are 0 files in /opt/airflow/dags
[2026-03-16T05:40:31.124+0000] {manager.py:737} INFO - Searching for files in /opt/airflow/dags
[2026-03-16T05:40:31.124+0000] {manager.py:740} INFO - There are 0 files in /opt/airflow/dags
[2026-03-16T05:45:32.093+0000] {manager.py:737} INFO - Searching for files in /opt/airflow/dags
[2026-03-16T05:45:32.093+0000] {manager.py:740} INFO - There are 0 files in /opt/airflow/dags
[2026-03-16T05:50:33.053+0000] {manager.py:737} INFO - Searching for files in /opt/airflow/dags
[2026-03-16T05:50:33.053+0000] {manager.py:740} INFO - There are 0 files in /opt/airflow/dags
[2026-03-16T05:55:34.018+0000] {manager.py:737} INFO - Searching for files in /opt/airflow/dags
[2026-03-16T05:55:34.019+0000] {manager.py:740} INFO - There are 0 files in /opt/airflow/dags
[2026-03-16T06:00:34.974+0000] {manager.py:737} INFO - Searching for files in /opt/airflow/dags
[2026-03-16T06:00:34.974+0000] {manager.py:740} INFO - There are 0 files in /opt/airflow/dags
[2026-03-16T06:05:35.922+0000] {manager.py:737} INFO - Searching for files in /opt/airflow/dags
[2026-03-16T06:05:35.923+0000] {manager.py:740} INFO - There are 0 files in /opt/airflow/dags
[2026-03-16T06:10:36.869+0000] {manager.py:737} INFO - Searching for files in /opt/airflow/dags
[2026-03-16T06:10:36.869+0000] {manager.py:740} INFO - There are 0 files in /opt/airflow/dags
[2026-03-16T06:15:37.823+0000] {manager.py:737} INFO - Searching for files in /opt/airflow/dags
[2026-03-16T06:15:37.823+0000] {manager.py:740} INFO - There are 0 files in /opt/airflow/dags
[2026-03-16T06:20:38.790+0000] {manager.py:737} INFO - Searching for files in /opt/airflow/dags
[2026-03-16T06:20:38.790+0000] {manager.py:740} INFO - There are 0 files in /opt/airflow/dags
[2026-03-16T06:25:39.769+0000] {manager.py:737} INFO - Searching for files in /opt/airflow/dags
[2026-03-16T06:25:39.769+0000] {manager.py:740} INFO - There are 0 files in /opt/airflow/dags
[2026-03-16T06:30:40.722+0000] {manager.py:737} INFO - Searching for files in /opt/airflow/dags
[2026-03-16T06:30:40.723+0000] {manager.py:740} INFO - There are 0 files in /opt/airflow/dags
[2026-03-16T06:35:41.690+0000] {manager.py:737} INFO - Searching for files in /opt/airflow/dags
[2026-03-16T06:35:41.690+0000] {manager.py:740} INFO - There are 0 files in /opt/airflow/dags
[2026-03-16T06:40:42.651+0000] {manager.py:737} INFO - Searching for files in /opt/airflow/dags
[2026-03-16T06:40:42.652+0000] {manager.py:740} INFO - There are 0 files in /opt/airflow/dags
[2026-03-16T06:45:43.608+0000] {manager.py:737} INFO - Searching for files in /opt/airflow/dags
[2026-03-16T06:45:43.609+0000] {manager.py:740} INFO - There are 0 files in /opt/airflow/dags
[2026-03-16T06:50:44.556+0000] {manager.py:737} INFO - Searching for files in /opt/airflow/dags
[2026-03-16T06:50:44.557+0000] {manager.py:740} INFO - There are 0 files in /opt/airflow/dags
[2026-03-16T06:55:45.511+0000] {manager.py:737} INFO - Searching for files in /opt/airflow/dags
[2026-03-16T06:55:45.511+0000] {manager.py:740} INFO - There are 0 files in /opt/airflow/dags
[2026-03-16T07:00:46.461+0000] {manager.py:737} INFO - Searching for files in /opt/airflow/dags
[2026-03-16T07:00:46.462+0000] {manager.py:740} INFO - There are 0 files in /opt/airflow/dags
[2026-03-16T07:05:47.427+0000] {manager.py:737} INFO - Searching for files in /opt/airflow/dags
[2026-03-16T07:05:47.427+0000] {manager.py:740} INFO - There are 0 files in /opt/airflow/dags
[2026-03-16T07:10:48.383+0000] {manager.py:737} INFO - Searching for files in /opt/airflow/dags
[2026-03-16T07:10:48.383+0000] {manager.py:740} INFO - There are 0 files in /opt/airflow/dags
[2026-03-16T07:15:49.349+0000] {manager.py:737} INFO - Searching for files in /opt/airflow/dags
[2026-03-16T07:15:49.349+0000] {manager.py:740} INFO - There are 0 files in /opt/airflow/dags
[2026-03-16T07:20:50.314+0000] {manager.py:737} INFO - Searching for files in /opt/airflow/dags
[2026-03-16T07:20:50.314+0000] {manager.py:740} INFO - There are 0 files in /opt/airflow/dags
[2026-03-16T07:25:51.246+0000] {manager.py:737} INFO - Searching for files in /opt/airflow/dags
[2026-03-16T07:25:51.247+0000] {manager.py:740} INFO - There are 0 files in /opt/airflow/dags
[2026-03-16T07:30:52.213+0000] {manager.py:737} INFO - Searching for files in /opt/airflow/dags
[2026-03-16T07:30:52.214+0000] {manager.py:740} INFO - There are 0 files in /opt/airflow/dags
[2026-03-16T07:35:53.173+0000] {manager.py:737} INFO - Searching for files in /opt/airflow/dags
[2026-03-16T07:35:53.174+0000] {manager.py:740} INFO - There are 0 files in /opt/airflow/dags
[2026-03-16T07:40:54.139+0000] {manager.py:737} INFO - Searching for files in /opt/airflow/dags
[2026-03-16T07:40:54.140+0000] {manager.py:740} INFO - There are 0 files in /opt/airflow/dags
[2026-03-16T07:45:55.075+0000] {manager.py:737} INFO - Searching for files in /opt/airflow/dags
[2026-03-16T07:45:55.075+0000] {manager.py:740} INFO - There are 0 files in /opt/airflow/dags
[2026-03-16T07:50:56.035+0000] {manager.py:737} INFO - Searching for files in /opt/airflow/dags
[2026-03-16T07:50:56.035+0000] {manager.py:740} INFO - There are 0 files in /opt/airflow/dags
[2026-03-16T07:55:57.003+0000] {manager.py:737} INFO - Searching for files in /opt/airflow/dags
[2026-03-16T07:55:57.003+0000] {manager.py:740} INFO - There are 0 files in /opt/airflow/dags
[2026-03-16T08:00:57.972+0000] {manager.py:737} INFO - Searching for files in /opt/airflow/dags
[2026-03-16T08:00:57.973+0000] {manager.py:740} INFO - There are 0 files in /opt/airflow/dags
[2026-03-16T08:05:58.919+0000] {manager.py:737} INFO - Searching for files in /opt/airflow/dags
[2026-03-16T08:05:58.919+0000] {manager.py:740} INFO - There are 0 files in /opt/airflow/dags
[2026-03-16T08:10:59.863+0000] {manager.py:737} INFO - Searching for files in /opt/airflow/dags
[2026-03-16T08:10:59.864+0000] {manager.py:740} INFO - There are 0 files in /opt/airflow/dags
[2026-03-16T08:16:00.827+0000] {manager.py:737} INFO - Searching for files in /opt/airflow/dags
[2026-03-16T08:16:00.827+0000] {manager.py:740} INFO - There are 0 files in /opt/airflow/dags
[2026-03-16T08:21:01.780+0000] {manager.py:737} INFO - Searching for files in /opt/airflow/dags
[2026-03-16T08:21:01.780+0000] {manager.py:740} INFO - There are 0 files in /opt/airflow/dags
[2026-03-16T08:26:02.745+0000] {manager.py:737} INFO - Searching for files in /opt/airflow/dags
[2026-03-16T08:26:02.745+0000] {manager.py:740} INFO - There are 0 files in /opt/airflow/dags
[2026-03-16T08:31:03.699+0000] {manager.py:737} INFO - Searching for files in /opt/airflow/dags
[2026-03-16T08:31:03.699+0000] {manager.py:740} INFO - There are 0 files in /opt/airflow/dags
[2026-03-16T08:36:04.660+0000] {manager.py:737} INFO - Searching for files in /opt/airflow/dags
[2026-03-16T08:36:04.660+0000] {manager.py:740} INFO - There are 0 files in /opt/airflow/dags
[2026-03-16T08:41:05.616+0000] {manager.py:737} INFO - Searching for files in /opt/airflow/dags
[2026-03-16T08:41:05.617+0000] {manager.py:740} INFO - There are 0 files in /opt/airflow/dags
[2026-03-16T08:46:06.586+0000] {manager.py:737} INFO - Searching for files in /opt/airflow/dags
[2026-03-16T08:46:06.586+0000] {manager.py:740} INFO - There are 0 files in /opt/airflow/dags
[2026-03-16T08:51:07.534+0000] {manager.py:737} INFO - Searching for files in /opt/airflow/dags
[2026-03-16T08:51:07.534+0000] {manager.py:740} INFO - There are 0 files in /opt/airflow/dags
[2026-03-16T08:56:08.481+0000] {manager.py:737} INFO - Searching for files in /opt/airflow/dags
[2026-03-16T08:56:08.482+0000] {manager.py:740} INFO - There are 0 files in /opt/airflow/dags
[2026-03-16T09:01:09.443+0000] {manager.py:737} INFO - Searching for files in /opt/airflow/dags
[2026-03-16T09:01:09.444+0000] {manager.py:740} INFO - There are 0 files in /opt/airflow/dags
[2026-03-16T09:06:10.400+0000] {manager.py:737} INFO - Searching for files in /opt/airflow/dags
[2026-03-16T09:06:10.400+0000] {manager.py:740} INFO - There are 0 files in /opt/airflow/dags
[2026-03-16T09:11:11.365+0000] {manager.py:737} INFO - Searching for files in /opt/airflow/dags
[2026-03-16T09:11:11.366+0000] {manager.py:740} INFO - There are 0 files in /opt/airflow/dags
[2026-03-16T09:16:12.336+0000] {manager.py:737} INFO - Searching for files in /opt/airflow/dags
[2026-03-16T09:16:12.336+0000] {manager.py:740} INFO - There are 0 files in /opt/airflow/dags
[2026-03-16T09:21:13.291+0000] {manager.py:737} INFO - Searching for files in /opt/airflow/dags
[2026-03-16T09:21:13.292+0000] {manager.py:740} INFO - There are 0 files in /opt/airflow/dags
[2026-03-16T09:26:14.248+0000] {manager.py:737} INFO - Searching for files in /opt/airflow/dags
[2026-03-16T09:26:14.249+0000] {manager.py:740} INFO - There are 0 files in /opt/airflow/dags
[2026-03-16T09:31:15.207+0000] {manager.py:737} INFO - Searching for files in /opt/airflow/dags
[2026-03-16T09:31:15.208+0000] {manager.py:740} INFO - There are 0 files in /opt/airflow/dags
[2026-03-16T09:36:16.177+0000] {manager.py:737} INFO - Searching for files in /opt/airflow/dags
[2026-03-16T09:36:16.177+0000] {manager.py:740} INFO - There are 0 files in /opt/airflow/dags
[2026-03-16T09:41:17.161+0000] {manager.py:737} INFO - Searching for files in /opt/airflow/dags
[2026-03-16T09:41:17.161+0000] {manager.py:740} INFO - There are 0 files in /opt/airflow/dags
[2026-03-16T09:46:18.118+0000] {manager.py:737} INFO - Searching for files in /opt/airflow/dags
[2026-03-16T09:46:18.118+0000] {manager.py:740} INFO - There are 0 files in /opt/airflow/dags
[2026-03-16T09:51:19.081+0000] {manager.py:737} INFO - Searching for files in /opt/airflow/dags
[2026-03-16T09:51:19.082+0000] {manager.py:740} INFO - There are 0 files in /opt/airflow/dags
[2026-03-16T09:56:20.043+0000] {manager.py:737} INFO - Searching for files in /opt/airflow/dags
[2026-03-16T09:56:20.044+0000] {manager.py:740} INFO - There are 0 files in /opt/airflow/dags
[2026-03-16T10:01:21.006+0000] {manager.py:737} INFO - Searching for files in /opt/airflow/dags
[2026-03-16T10:01:21.014+0000] {manager.py:740} INFO - There are 0 files in /opt/airflow/dags
[2026-03-16T10:06:21.981+0000] {manager.py:737} INFO - Searching for files in /opt/airflow/dags
[2026-03-16T10:06:21.982+0000] {manager.py:740} INFO - There are 0 files in /opt/airflow/dags
[2026-03-16T10:11:22.937+0000] {manager.py:737} INFO - Searching for files in /opt/airflow/dags
[2026-03-16T10:11:22.946+0000] {manager.py:740} INFO - There are 0 files in /opt/airflow/dags
[2026-03-16T10:16:23.902+0000] {manager.py:737} INFO - Searching for files in /opt/airflow/dags
[2026-03-16T10:16:23.902+0000] {manager.py:740} INFO - There are 0 files in /opt/airflow/dags
[2026-03-16T10:21:24.870+0000] {manager.py:737} INFO - Searching for files in /opt/airflow/dags
[2026-03-16T10:21:24.871+0000] {manager.py:740} INFO - There are 0 files in /opt/airflow/dags
[2026-03-16T10:26:25.839+0000] {manager.py:737} INFO - Searching for files in /opt/airflow/dags
[2026-03-16T10:26:25.839+0000] {manager.py:740} INFO - There are 0 files in /opt/airflow/dags
[2026-03-16T10:31:26.793+0000] {manager.py:737} INFO - Searching for files in /opt/airflow/dags
[2026-03-16T10:31:26.793+0000] {manager.py:740} INFO - There are 0 files in /opt/airflow/dags
[2026-03-16T10:36:27.767+0000] {manager.py:737} INFO - Searching for files in /opt/airflow/dags
[2026-03-16T10:36:27.768+0000] {manager.py:740} INFO - There are 0 files in /opt/airflow/dags
[2026-03-16T10:41:28.723+0000] {manager.py:737} INFO - Searching for files in /opt/airflow/dags
[2026-03-16T10:41:28.723+0000] {manager.py:740} INFO - There are 0 files in /opt/airflow/dags
[2026-03-16T10:46:29.681+0000] {manager.py:737} INFO - Searching for files in /opt/airflow/dags
[2026-03-16T10:46:29.682+0000] {manager.py:740} INFO - There are 0 files in /opt/airflow/dags
[2026-03-16T10:51:30.602+0000] {manager.py:737} INFO - Searching for files in /opt/airflow/dags
[2026-03-16T10:51:30.603+0000] {manager.py:740} INFO - There are 0 files in /opt/airflow/dags
[2026-03-16T10:56:31.551+0000] {manager.py:737} INFO - Searching for files in /opt/airflow/dags
[2026-03-16T10:56:31.551+0000] {manager.py:740} INFO - There are 0 files in /opt/airflow/dags
[2026-03-16T11:01:32.504+0000] {manager.py:737} INFO - Searching for files in /opt/airflow/dags
[2026-03-16T11:01:32.504+0000] {manager.py:740} INFO - There are 0 files in /opt/airflow/dags
[2026-03-16T11:06:33.459+0000] {manager.py:737} INFO - Searching for files in /opt/airflow/dags
[2026-03-16T11:06:33.459+0000] {manager.py:740} INFO - There are 0 files in /opt/airflow/dags
[2026-03-16T11:11:34.426+0000] {manager.py:737} INFO - Searching for files in /opt/airflow/dags
[2026-03-16T11:11:34.427+0000] {manager.py:740} INFO - There are 0 files in /opt/airflow/dags
[2026-03-16T11:16:35.391+0000] {manager.py:737} INFO - Searching for files in /opt/airflow/dags
[2026-03-16T11:16:35.391+0000] {manager.py:740} INFO - There are 0 files in /opt/airflow/dags
[2026-03-16T11:21:36.360+0000] {manager.py:737} INFO - Searching for files in /opt/airflow/dags
[2026-03-16T11:21:36.360+0000] {manager.py:740} INFO - There are 0 files in /opt/airflow/dags
[2026-03-16T11:26:37.315+0000] {manager.py:737} INFO - Searching for files in /opt/airflow/dags
[2026-03-16T11:26:37.315+0000] {manager.py:740} INFO - There are 0 files in /opt/airflow/dags
[2026-03-16T11:31:38.263+0000] {manager.py:737} INFO - Searching for files in /opt/airflow/dags
[2026-03-16T11:31:38.264+0000] {manager.py:740} INFO - There are 0 files in /opt/airflow/dags
[2026-03-16T11:36:39.228+0000] {manager.py:737} INFO - Searching for files in /opt/airflow/dags
[2026-03-16T11:36:39.228+0000] {manager.py:740} INFO - There are 0 files in /opt/airflow/dags
[2026-03-16T11:41:40.204+0000] {manager.py:737} INFO - Searching for files in /opt/airflow/dags
[2026-03-16T11:41:40.205+0000] {manager.py:740} INFO - There are 0 files in /opt/airflow/dags
[2026-03-16T11:46:41.180+0000] {manager.py:737} INFO - Searching for files in /opt/airflow/dags
[2026-03-16T11:46:41.181+0000] {manager.py:740} INFO - There are 0 files in /opt/airflow/dags
[2026-03-16T11:51:42.138+0000] {manager.py:737} INFO - Searching for files in /opt/airflow/dags
[2026-03-16T11:51:42.138+0000] {manager.py:740} INFO - There are 0 files in /opt/airflow/dags
[2026-03-16T11:56:43.085+0000] {manager.py:737} INFO - Searching for files in /opt/airflow/dags
[2026-03-16T11:56:43.085+0000] {manager.py:740} INFO - There are 0 files in /opt/airflow/dags
[2026-03-16T12:01:44.037+0000] {manager.py:737} INFO - Searching for files in /opt/airflow/dags
[2026-03-16T12:01:44.038+0000] {manager.py:740} INFO - There are 0 files in /opt/airflow/dags
[2026-03-16T12:06:44.990+0000] {manager.py:737} INFO - Searching for files in /opt/airflow/dags
[2026-03-16T12:06:44.991+0000] {manager.py:740} INFO - There are 0 files in /opt/airflow/dags
[2026-03-16T12:11:45.927+0000] {manager.py:737} INFO - Searching for files in /opt/airflow/dags
[2026-03-16T12:11:45.927+0000] {manager.py:740} INFO - There are 0 files in /opt/airflow/dags
[2026-03-16T12:16:46.897+0000] {manager.py:737} INFO - Searching for files in /opt/airflow/dags
[2026-03-16T12:16:46.898+0000] {manager.py:740} INFO - There are 0 files in /opt/airflow/dags
[2026-03-16T12:21:47.850+0000] {manager.py:737} INFO - Searching for files in /opt/airflow/dags
[2026-03-16T12:21:47.851+0000] {manager.py:740} INFO - There are 0 files in /opt/airflow/dags
[2026-03-16T12:26:48.803+0000] {manager.py:737} INFO - Searching for files in /opt/airflow/dags
[2026-03-16T12:26:48.803+0000] {manager.py:740} INFO - There are 0 files in /opt/airflow/dags
[2026-03-16T12:31:49.759+0000] {manager.py:737} INFO - Searching for files in /opt/airflow/dags
[2026-03-16T12:31:49.760+0000] {manager.py:740} INFO - There are 0 files in /opt/airflow/dags
[2026-03-16T12:36:50.723+0000] {manager.py:737} INFO - Searching for files in /opt/airflow/dags
[2026-03-16T12:36:50.724+0000] {manager.py:740} INFO - There are 0 files in /opt/airflow/dags
[2026-03-16T12:41:51.669+0000] {manager.py:737} INFO - Searching for files in /opt/airflow/dags
[2026-03-16T12:41:51.670+0000] {manager.py:740} INFO - There are 0 files in /opt/airflow/dags
[2026-03-16T12:46:52.625+0000] {manager.py:737} INFO - Searching for files in /opt/airflow/dags
[2026-03-16T12:46:52.625+0000] {manager.py:740} INFO - There are 0 files in /opt/airflow/dags
[2026-03-16T12:51:53.578+0000] {manager.py:737} INFO - Searching for files in /opt/airflow/dags
[2026-03-16T12:51:53.578+0000] {manager.py:740} INFO - There are 0 files in /opt/airflow/dags
[2026-03-16T12:56:54.538+0000] {manager.py:737} INFO - Searching for files in /opt/airflow/dags
[2026-03-16T12:56:54.538+0000] {manager.py:740} INFO - There are 0 files in /opt/airflow/dags
[2026-03-16T13:01:55.496+0000] {manager.py:737} INFO - Searching for files in /opt/airflow/dags
[2026-03-16T13:01:55.497+0000] {manager.py:740} INFO - There are 0 files in /opt/airflow/dags
[2026-03-16T13:06:56.450+0000] {manager.py:737} INFO - Searching for files in /opt/airflow/dags
[2026-03-16T13:06:56.451+0000] {manager.py:740} INFO - There are 0 files in /opt/airflow/dags
[2026-03-16T13:11:57.408+0000] {manager.py:737} INFO - Searching for files in /opt/airflow/dags
[2026-03-16T13:11:57.408+0000] {manager.py:740} INFO - There are 0 files in /opt/airflow/dags
[2026-03-16T13:16:58.383+0000] {manager.py:737} INFO - Searching for files in /opt/airflow/dags
[2026-03-16T13:16:58.384+0000] {manager.py:740} INFO - There are 0 files in /opt/airflow/dags
[2026-03-16T13:21:59.361+0000] {manager.py:737} INFO - Searching for files in /opt/airflow/dags
[2026-03-16T13:21:59.361+0000] {manager.py:740} INFO - There are 0 files in /opt/airflow/dags
[2026-03-16T13:27:00.317+0000] {manager.py:737} INFO - Searching for files in /opt/airflow/dags
[2026-03-16T13:27:00.317+0000] {manager.py:740} INFO - There are 0 files in /opt/airflow/dags
[2026-03-16T13:32:01.278+0000] {manager.py:737} INFO - Searching for files in /opt/airflow/dags
[2026-03-16T13:32:01.279+0000] {manager.py:740} INFO - There are 0 files in /opt/airflow/dags
[2026-03-16T13:37:02.230+0000] {manager.py:737} INFO - Searching for files in /opt/airflow/dags
[2026-03-16T13:37:02.230+0000] {manager.py:740} INFO - There are 0 files in /opt/airflow/dags
[2026-03-16T13:42:03.178+0000] {manager.py:737} INFO - Searching for files in /opt/airflow/dags
[2026-03-16T13:42:03.178+0000] {manager.py:740} INFO - There are 0 files in /opt/airflow/dags
[2026-03-16T13:47:04.125+0000] {manager.py:737} INFO - Searching for files in /opt/airflow/dags
[2026-03-16T13:47:04.125+0000] {manager.py:740} INFO - There are 0 files in /opt/airflow/dags
[2026-03-16T13:52:05.082+0000] {manager.py:737} INFO - Searching for files in /opt/airflow/dags
[2026-03-16T13:52:05.083+0000] {manager.py:740} INFO - There are 0 files in /opt/airflow/dags
[2026-03-16T13:57:06.034+0000] {manager.py:737} INFO - Searching for files in /opt/airflow/dags
[2026-03-16T13:57:06.035+0000] {manager.py:740} INFO - There are 0 files in /opt/airflow/dags
[2026-03-16T14:02:07.008+0000] {manager.py:737} INFO - Searching for files in /opt/airflow/dags
[2026-03-16T14:02:07.008+0000] {manager.py:740} INFO - There are 0 files in /opt/airflow/dags
[2026-03-16T14:07:07.967+0000] {manager.py:737} INFO - Searching for files in /opt/airflow/dags
[2026-03-16T14:07:07.968+0000] {manager.py:740} INFO - There are 0 files in /opt/airflow/dags
[2026-03-16T14:12:08.920+0000] {manager.py:737} INFO - Searching for files in /opt/airflow/dags
[2026-03-16T14:12:08.920+0000] {manager.py:740} INFO - There are 0 files in /opt/airflow/dags
[2026-03-16T14:17:09.890+0000] {manager.py:737} INFO - Searching for files in /opt/airflow/dags
[2026-03-16T14:17:09.890+0000] {manager.py:740} INFO - There are 0 files in /opt/airflow/dags
[2026-03-16T14:22:10.852+0000] {manager.py:737} INFO - Searching for files in /opt/airflow/dags
[2026-03-16T14:22:10.853+0000] {manager.py:740} INFO - There are 0 files in /opt/airflow/dags
[2026-03-16T14:27:11.811+0000] {manager.py:737} INFO - Searching for files in /opt/airflow/dags
[2026-03-16T14:27:11.811+0000] {manager.py:740} INFO - There are 0 files in /opt/airflow/dags
[2026-03-16T14:32:12.775+0000] {manager.py:737} INFO - Searching for files in /opt/airflow/dags
[2026-03-16T14:32:12.775+0000] {manager.py:740} INFO - There are 0 files in /opt/airflow/dags
[2026-03-16T14:37:13.735+0000] {manager.py:737} INFO - Searching for files in /opt/airflow/dags
[2026-03-16T14:37:13.735+0000] {manager.py:740} INFO - There are 0 files in /opt/airflow/dags
[2026-03-16T14:42:14.703+0000] {manager.py:737} INFO - Searching for files in /opt/airflow/dags
[2026-03-16T14:42:14.703+0000] {manager.py:740} INFO - There are 0 files in /opt/airflow/dags
[2026-03-16T14:47:15.669+0000] {manager.py:737} INFO - Searching for files in /opt/airflow/dags
[2026-03-16T14:47:15.669+0000] {manager.py:740} INFO - There are 0 files in /opt/airflow/dags
[2026-03-16T14:52:16.632+0000] {manager.py:737} INFO - Searching for files in /opt/airflow/dags
[2026-03-16T14:52:16.632+0000] {manager.py:740} INFO - There are 0 files in /opt/airflow/dags
[2026-03-16T14:57:17.607+0000] {manager.py:737} INFO - Searching for files in /opt/airflow/dags
[2026-03-16T14:57:17.607+0000] {manager.py:740} INFO - There are 0 files in /opt/airflow/dags
[2026-03-16T15:02:18.564+0000] {manager.py:737} INFO - Searching for files in /opt/airflow/dags
[2026-03-16T15:02:18.564+0000] {manager.py:740} INFO - There are 0 files in /opt/airflow/dags
[2026-03-16T15:07:19.533+0000] {manager.py:737} INFO - Searching for files in /opt/airflow/dags
[2026-03-16T15:07:19.533+0000] {manager.py:740} INFO - There are 0 files in /opt/airflow/dags
[2026-03-16T15:12:20.490+0000] {manager.py:737} INFO - Searching for files in /opt/airflow/dags
[2026-03-16T15:12:20.491+0000] {manager.py:740} INFO - There are 0 files in /opt/airflow/dags
[2026-03-16T15:17:21.457+0000] {manager.py:737} INFO - Searching for files in /opt/airflow/dags
[2026-03-16T15:17:21.458+0000] {manager.py:740} INFO - There are 0 files in /opt/airflow/dags
[2026-03-16T15:22:22.423+0000] {manager.py:737} INFO - Searching for files in /opt/airflow/dags
[2026-03-16T15:22:22.423+0000] {manager.py:740} INFO - There are 0 files in /opt/airflow/dags
[2026-03-16T15:27:23.381+0000] {manager.py:737} INFO - Searching for files in /opt/airflow/dags
[2026-03-16T15:27:23.382+0000] {manager.py:740} INFO - There are 0 files in /opt/airflow/dags
[2026-03-16T15:32:24.328+0000] {manager.py:737} INFO - Searching for files in /opt/airflow/dags
[2026-03-16T15:32:24.328+0000] {manager.py:740} INFO - There are 0 files in /opt/airflow/dags
[2026-03-16T15:37:25.301+0000] {manager.py:737} INFO - Searching for files in /opt/airflow/dags
[2026-03-16T15:37:25.302+0000] {manager.py:740} INFO - There are 0 files in /opt/airflow/dags
[2026-03-16T15:42:26.262+0000] {manager.py:737} INFO - Searching for files in /opt/airflow/dags
[2026-03-16T15:42:26.263+0000] {manager.py:740} INFO - There are 0 files in /opt/airflow/dags
[2026-03-16T15:47:27.204+0000] {manager.py:737} INFO - Searching for files in /opt/airflow/dags
[2026-03-16T15:47:27.204+0000] {manager.py:740} INFO - There are 0 files in /opt/airflow/dags
[2026-03-16T15:52:28.170+0000] {manager.py:737} INFO - Searching for files in /opt/airflow/dags
[2026-03-16T15:52:28.170+0000] {manager.py:740} INFO - There are 0 files in /opt/airflow/dags
[2026-03-16T15:57:29.131+0000] {manager.py:737} INFO - Searching for files in /opt/airflow/dags
[2026-03-16T15:57:29.132+0000] {manager.py:740} INFO - There are 0 files in /opt/airflow/dags
[2026-03-16T16:02:30.085+0000] {manager.py:737} INFO - Searching for files in /opt/airflow/dags
[2026-03-16T16:02:30.085+0000] {manager.py:740} INFO - There are 0 files in /opt/airflow/dags
[2026-03-16T16:07:31.051+0000] {manager.py:737} INFO - Searching for files in /opt/airflow/dags
[2026-03-16T16:07:31.052+0000] {manager.py:740} INFO - There are 0 files in /opt/airflow/dags
[2026-03-16T16:12:32.008+0000] {manager.py:737} INFO - Searching for files in /opt/airflow/dags
[2026-03-16T16:12:32.008+0000] {manager.py:740} INFO - There are 0 files in /opt/airflow/dags
[2026-03-16T16:17:32.942+0000] {manager.py:737} INFO - Searching for files in /opt/airflow/dags
[2026-03-16T16:17:32.943+0000] {manager.py:740} INFO - There are 0 files in /opt/airflow/dags
[2026-03-16T16:22:33.896+0000] {manager.py:737} INFO - Searching for files in /opt/airflow/dags
[2026-03-16T16:22:33.896+0000] {manager.py:740} INFO - There are 0 files in /opt/airflow/dags
[2026-03-16T16:27:34.855+0000] {manager.py:737} INFO - Searching for files in /opt/airflow/dags
[2026-03-16T16:27:34.856+0000] {manager.py:740} INFO - There are 0 files in /opt/airflow/dags
[2026-03-16T16:32:35.832+0000] {manager.py:737} INFO - Searching for files in /opt/airflow/dags
[2026-03-16T16:32:35.832+0000] {manager.py:740} INFO - There are 0 files in /opt/airflow/dags
[2026-03-16T16:37:36.803+0000] {manager.py:737} INFO - Searching for files in /opt/airflow/dags
[2026-03-16T16:37:36.804+0000] {manager.py:740} INFO - There are 0 files in /opt/airflow/dags
[2026-03-16T16:42:37.765+0000] {manager.py:737} INFO - Searching for files in /opt/airflow/dags
[2026-03-16T16:42:37.766+0000] {manager.py:740} INFO - There are 0 files in /opt/airflow/dags
[2026-03-16T16:47:38.724+0000] {manager.py:737} INFO - Searching for files in /opt/airflow/dags
[2026-03-16T16:47:38.725+0000] {manager.py:740} INFO - There are 0 files in /opt/airflow/dags
[2026-03-16T16:52:39.686+0000] {manager.py:737} INFO - Searching for files in /opt/airflow/dags
[2026-03-16T16:52:39.686+0000] {manager.py:740} INFO - There are 0 files in /opt/airflow/dags
[2026-03-16T16:57:40.640+0000] {manager.py:737} INFO - Searching for files in /opt/airflow/dags
[2026-03-16T16:57:40.640+0000] {manager.py:740} INFO - There are 0 files in /opt/airflow/dags
[2026-03-16T17:02:41.602+0000] {manager.py:737} INFO - Searching for files in /opt/airflow/dags
[2026-03-16T17:02:41.603+0000] {manager.py:740} INFO - There are 0 files in /opt/airflow/dags
[2026-03-16T17:07:42.561+0000] {manager.py:737} INFO - Searching for files in /opt/airflow/dags
[2026-03-16T17:07:42.562+0000] {manager.py:740} INFO - There are 0 files in /opt/airflow/dags
[2026-03-16T17:12:43.508+0000] {manager.py:737} INFO - Searching for files in /opt/airflow/dags
[2026-03-16T17:12:43.508+0000] {manager.py:740} INFO - There are 0 files in /opt/airflow/dags
[2026-03-16T17:17:44.466+0000] {manager.py:737} INFO - Searching for files in /opt/airflow/dags
[2026-03-16T17:17:44.467+0000] {manager.py:740} INFO - There are 0 files in /opt/airflow/dags
[2026-03-16T17:22:45.415+0000] {manager.py:737} INFO - Searching for files in /opt/airflow/dags
[2026-03-16T17:22:45.415+0000] {manager.py:740} INFO - There are 0 files in /opt/airflow/dags
[2026-03-16T17:27:46.375+0000] {manager.py:737} INFO - Searching for files in /opt/airflow/dags
[2026-03-16T17:27:46.375+0000] {manager.py:740} INFO - There are 0 files in /opt/airflow/dags
[2026-03-16T17:32:47.334+0000] {manager.py:737} INFO - Searching for files in /opt/airflow/dags
[2026-03-16T17:32:47.335+0000] {manager.py:740} INFO - There are 0 files in /opt/airflow/dags
[2026-03-16T17:37:48.289+0000] {manager.py:737} INFO - Searching for files in /opt/airflow/dags
[2026-03-16T17:37:48.289+0000] {manager.py:740} INFO - There are 0 files in /opt/airflow/dags
[2026-03-16T17:42:49.235+0000] {manager.py:737} INFO - Searching for files in /opt/airflow/dags
[2026-03-16T17:42:49.236+0000] {manager.py:740} INFO - There are 0 files in /opt/airflow/dags
[2026-03-16T17:47:50.190+0000] {manager.py:737} INFO - Searching for files in /opt/airflow/dags
[2026-03-16T17:47:50.190+0000] {manager.py:740} INFO - There are 0 files in /opt/airflow/dags
[2026-03-16T17:52:51.144+0000] {manager.py:737} INFO - Searching for files in /opt/airflow/dags
[2026-03-16T17:52:51.145+0000] {manager.py:740} INFO - There are 0 files in /opt/airflow/dags
[2026-03-16T17:57:52.104+0000] {manager.py:737} INFO - Searching for files in /opt/airflow/dags
[2026-03-16T17:57:52.105+0000] {manager.py:740} INFO - There are 0 files in /opt/airflow/dags
[2026-03-16T18:02:53.059+0000] {manager.py:737} INFO - Searching for files in /opt/airflow/dags
[2026-03-16T18:02:53.060+0000] {manager.py:740} INFO - There are 0 files in /opt/airflow/dags
[2026-03-16T18:07:54.021+0000] {manager.py:737} INFO - Searching for files in /opt/airflow/dags
[2026-03-16T18:07:54.021+0000] {manager.py:740} INFO - There are 0 files in /opt/airflow/dags
[2026-03-16T18:12:54.980+0000] {manager.py:737} INFO - Searching for files in /opt/airflow/dags
[2026-03-16T18:12:54.980+0000] {manager.py:740} INFO - There are 0 files in /opt/airflow/dags
[2026-03-16T18:17:55.940+0000] {manager.py:737} INFO - Searching for files in /opt/airflow/dags
[2026-03-16T18:17:55.941+0000] {manager.py:740} INFO - There are 0 files in /opt/airflow/dags
[2026-03-16T18:22:56.878+0000] {manager.py:737} INFO - Searching for files in /opt/airflow/dags
[2026-03-16T18:22:56.878+0000] {manager.py:740} INFO - There are 0 files in /opt/airflow/dags
[2026-03-16T18:27:57.833+0000] {manager.py:737} INFO - Searching for files in /opt/airflow/dags
[2026-03-16T18:27:57.834+0000] {manager.py:740} INFO - There are 0 files in /opt/airflow/dags
[2026-03-16T18:32:58.791+0000] {manager.py:737} INFO - Searching for files in /opt/airflow/dags
[2026-03-16T18:32:58.792+0000] {manager.py:740} INFO - There are 0 files in /opt/airflow/dags
[2026-03-16T18:37:59.756+0000] {manager.py:737} INFO - Searching for files in /opt/airflow/dags
[2026-03-16T18:37:59.757+0000] {manager.py:740} INFO - There are 0 files in /opt/airflow/dags
[2026-03-16T18:43:00.720+0000] {manager.py:737} INFO - Searching for files in /opt/airflow/dags
[2026-03-16T18:43:00.721+0000] {manager.py:740} INFO - There are 0 files in /opt/airflow/dags
[2026-03-16T18:48:01.690+0000] {manager.py:737} INFO - Searching for files in /opt/airflow/dags
[2026-03-16T18:48:01.691+0000] {manager.py:740} INFO - There are 0 files in /opt/airflow/dags
[2026-03-16T18:53:02.647+0000] {manager.py:737} INFO - Searching for files in /opt/airflow/dags
[2026-03-16T18:53:02.647+0000] {manager.py:740} INFO - There are 0 files in /opt/airflow/dags
[2026-03-16T18:58:03.594+0000] {manager.py:737} INFO - Searching for files in /opt/airflow/dags
[2026-03-16T18:58:03.595+0000] {manager.py:740} INFO - There are 0 files in /opt/airflow/dags
[2026-03-16T19:03:04.538+0000] {manager.py:737} INFO - Searching for files in /opt/airflow/dags
[2026-03-16T19:03:04.539+0000] {manager.py:740} INFO - There are 0 files in /opt/airflow/dags
[2026-03-16T19:08:05.495+0000] {manager.py:737} INFO - Searching for files in /opt/airflow/dags
[2026-03-16T19:08:05.496+0000] {manager.py:740} INFO - There are 0 files in /opt/airflow/dags
[2026-03-16T19:13:06.452+0000] {manager.py:737} INFO - Searching for files in /opt/airflow/dags
[2026-03-16T19:13:06.452+0000] {manager.py:740} INFO - There are 0 files in /opt/airflow/dags
[2026-03-16T19:18:07.406+0000] {manager.py:737} INFO - Searching for files in /opt/airflow/dags
[2026-03-16T19:18:07.407+0000] {manager.py:740} INFO - There are 0 files in /opt/airflow/dags
[2026-03-16T19:23:08.359+0000] {manager.py:737} INFO - Searching for files in /opt/airflow/dags
[2026-03-16T19:23:08.359+0000] {manager.py:740} INFO - There are 0 files in /opt/airflow/dags
[2026-03-16T19:28:09.303+0000] {manager.py:737} INFO - Searching for files in /opt/airflow/dags
[2026-03-16T19:28:09.303+0000] {manager.py:740} INFO - There are 0 files in /opt/airflow/dags
[2026-03-16T19:33:10.269+0000] {manager.py:737} INFO - Searching for files in /opt/airflow/dags
[2026-03-16T19:33:10.270+0000] {manager.py:740} INFO - There are 0 files in /opt/airflow/dags
[2026-03-16T19:38:11.235+0000] {manager.py:737} INFO - Searching for files in /opt/airflow/dags
[2026-03-16T19:38:11.236+0000] {manager.py:740} INFO - There are 0 files in /opt/airflow/dags
[2026-03-16T19:43:12.180+0000] {manager.py:737} INFO - Searching for files in /opt/airflow/dags
[2026-03-16T19:43:12.181+0000] {manager.py:740} INFO - There are 0 files in /opt/airflow/dags
[2026-03-16T19:48:13.121+0000] {manager.py:737} INFO - Searching for files in /opt/airflow/dags
[2026-03-16T19:48:13.121+0000] {manager.py:740} INFO - There are 0 files in /opt/airflow/dags
[2026-03-16T19:53:14.067+0000] {manager.py:737} INFO - Searching for files in /opt/airflow/dags
[2026-03-16T19:53:14.067+0000] {manager.py:740} INFO - There are 0 files in /opt/airflow/dags
[2026-03-16T19:58:15.017+0000] {manager.py:737} INFO - Searching for files in /opt/airflow/dags
[2026-03-16T19:58:15.017+0000] {manager.py:740} INFO - There are 0 files in /opt/airflow/dags
[2026-03-16T20:03:15.967+0000] {manager.py:737} INFO - Searching for files in /opt/airflow/dags
[2026-03-16T20:03:15.968+0000] {manager.py:740} INFO - There are 0 files in /opt/airflow/dags
[2026-03-16T20:08:16.923+0000] {manager.py:737} INFO - Searching for files in /opt/airflow/dags
[2026-03-16T20:08:16.924+0000] {manager.py:740} INFO - There are 0 files in /opt/airflow/dags
[2026-03-16T20:13:17.887+0000] {manager.py:737} INFO - Searching for files in /opt/airflow/dags
[2026-03-16T20:13:17.888+0000] {manager.py:740} INFO - There are 0 files in /opt/airflow/dags
[2026-03-16T20:18:18.849+0000] {manager.py:737} INFO - Searching for files in /opt/airflow/dags
[2026-03-16T20:18:18.849+0000] {manager.py:740} INFO - There are 0 files in /opt/airflow/dags
[2026-03-16T20:23:19.804+0000] {manager.py:737} INFO - Searching for files in /opt/airflow/dags
[2026-03-16T20:23:19.805+0000] {manager.py:740} INFO - There are 0 files in /opt/airflow/dags
[2026-03-16T20:28:20.756+0000] {manager.py:737} INFO - Searching for files in /opt/airflow/dags
[2026-03-16T20:28:20.756+0000] {manager.py:740} INFO - There are 0 files in /opt/airflow/dags
[2026-03-16T20:33:21.705+0000] {manager.py:737} INFO - Searching for files in /opt/airflow/dags
[2026-03-16T20:33:21.706+0000] {manager.py:740} INFO - There are 0 files in /opt/airflow/dags
[2026-03-16T20:38:22.677+0000] {manager.py:737} INFO - Searching for files in /opt/airflow/dags
[2026-03-16T20:38:22.677+0000] {manager.py:740} INFO - There are 0 files in /opt/airflow/dags
[2026-03-16T20:43:23.646+0000] {manager.py:737} INFO - Searching for files in /opt/airflow/dags
[2026-03-16T20:43:23.646+0000] {manager.py:740} INFO - There are 0 files in /opt/airflow/dags
[2026-03-16T20:48:24.610+0000] {manager.py:737} INFO - Searching for files in /opt/airflow/dags
[2026-03-16T20:48:24.610+0000] {manager.py:740} INFO - There are 0 files in /opt/airflow/dags
[2026-03-16T20:53:25.577+0000] {manager.py:737} INFO - Searching for files in /opt/airflow/dags
[2026-03-16T20:53:25.577+0000] {manager.py:740} INFO - There are 0 files in /opt/airflow/dags
[2026-03-16T20:58:26.542+0000] {manager.py:737} INFO - Searching for files in /opt/airflow/dags
[2026-03-16T20:58:26.543+0000] {manager.py:740} INFO - There are 0 files in /opt/airflow/dags
[2026-03-16T21:03:27.509+0000] {manager.py:737} INFO - Searching for files in /opt/airflow/dags
[2026-03-16T21:03:27.509+0000] {manager.py:740} INFO - There are 0 files in /opt/airflow/dags
[2026-03-16T21:08:28.460+0000] {manager.py:737} INFO - Searching for files in /opt/airflow/dags
[2026-03-16T21:08:28.460+0000] {manager.py:740} INFO - There are 0 files in /opt/airflow/dags
[2026-03-16T21:13:29.411+0000] {manager.py:737} INFO - Searching for files in /opt/airflow/dags
[2026-03-16T21:13:29.411+0000] {manager.py:740} INFO - There are 0 files in /opt/airflow/dags
[2026-03-16T21:18:30.368+0000] {manager.py:737} INFO - Searching for files in /opt/airflow/dags
[2026-03-16T21:18:30.369+0000] {manager.py:740} INFO - There are 0 files in /opt/airflow/dags
[2026-03-16T21:23:31.333+0000] {manager.py:737} INFO - Searching for files in /opt/airflow/dags
[2026-03-16T21:23:31.333+0000] {manager.py:740} INFO - There are 0 files in /opt/airflow/dags
[2026-03-16T21:28:32.296+0000] {manager.py:737} INFO - Searching for files in /opt/airflow/dags
[2026-03-16T21:28:32.296+0000] {manager.py:740} INFO - There are 0 files in /opt/airflow/dags
[2026-03-16T21:33:33.229+0000] {manager.py:737} INFO - Searching for files in /opt/airflow/dags
[2026-03-16T21:33:33.229+0000] {manager.py:740} INFO - There are 0 files in /opt/airflow/dags
[2026-03-16T21:36:24.279+0000] {manager.py:452} INFO - Exiting gracefully upon receiving signal 15
